
Showing logs for build [32mcb-kubecd-environment-pr-1232-2-67m28-1[0m stage [32mfrom-build-pack[0m and container [32mstep-credential-initializer-9gdgc[0m
{"level":"warn","ts":1583241548.2027256,"logger":"fallback-logger","caller":"logging/config.go:69","msg":"Fetch GitHub commit ID from kodata failed: \"ref: refs/heads/0.8.0-**-support-backwards-incompats\" is not a valid GitHub commit ID"}
{"level":"info","ts":1583241548.2036018,"logger":"fallback-logger","caller":"creds-init/main.go:40","msg":"Credentials initialized."}

Showing logs for build [32mcb-kubecd-environment-pr-1232-2-67m28-1[0m stage [32mfrom-build-pack[0m and container [32mstep-working-dir-initializer-6hfcj[0m
{"level":"warn","ts":1583241549.5348125,"logger":"fallback-logger","caller":"logging/config.go:69","msg":"Fetch GitHub commit ID from kodata failed: open /var/run/ko/HEAD: no such file or directory"}
{"level":"info","ts":1583241549.5385787,"logger":"fallback-logger","caller":"bash/main.go:64","msg":"Successfully executed command \"sh -c mkdir -p /workspace/source\"; output "}

Showing logs for build [32mcb-kubecd-environment-pr-1232-2-67m28-1[0m stage [32mfrom-build-pack[0m and container [32mstep-place-tools[0m

Showing logs for build [32mcb-kubecd-environment-pr-1232-2-67m28-1[0m stage [32mfrom-build-pack[0m and container [32mstep-git-source-cb-kubecd-environment-pr-1232-2-67m28-mjq5n[0m
{"level":"warn","ts":1583241553.6719117,"logger":"fallback-logger","caller":"logging/config.go:69","msg":"Fetch GitHub commit ID from kodata failed: \"ref: refs/heads/0.8.0-**-support-backwards-incompats\" is not a valid GitHub commit ID"}
{"level":"info","ts":1583241554.794778,"logger":"fallback-logger","caller":"git/git.go:103","msg":"Successfully cloned https://github.com/cb-kubecd/environment-pr-1232-2-bdd-frontend-staging.git @ master in path /workspace/source"}

Showing logs for build [32mcb-kubecd-environment-pr-1232-2-67m28-1[0m stage [32mfrom-build-pack[0m and container [32mstep-git-merge[0m
Using SHAs from PULL_REFS=master:488630f3c67ef6b2c0541fd6f705b5a05ccd711e,1:8f3b8cf91e228a050190ca4fe4d5d2070794ccc1
DEBUG: LC_ALL=C JX_LOG_LEVEL=error git fetch origin --unshallow 8f3b8cf91e228a050190ca4fe4d5d2070794ccc1: 488630f3c67ef6b2c0541fd6f705b5a05ccd711e:
DEBUG: ran git fetch --unshallow origin 8f3b8cf91e228a050190ca4fe4d5d2070794ccc1: 488630f3c67ef6b2c0541fd6f705b5a05ccd711e: in 
DEBUG: LC_ALL=C JX_LOG_LEVEL=error git branch
DEBUG: JX_LOG_LEVEL=error LC_ALL=C git checkout master
DEBUG: ran git checkout master in 
DEBUG: LC_ALL=C JX_LOG_LEVEL=error git reset --hard 488630f3c67ef6b2c0541fd6f705b5a05ccd711e
DEBUG: ran git reset --hard 488630f3c67ef6b2c0541fd6f705b5a05ccd711e in 
DEBUG: LC_ALL=C JX_LOG_LEVEL=error git clean -fd .
DEBUG: ran clean --force -d . in 
DEBUG: LC_ALL=C JX_LOG_LEVEL=error git merge 8f3b8cf91e228a050190ca4fe4d5d2070794ccc1
DEBUG: ran git merge 8f3b8cf91e228a050190ca4fe4d5d2070794ccc1 in 
DEBUG: LC_ALL=C JX_LOG_LEVEL=error git log --format=%H%x1f%an%x1f%ae%x1f%cn%x1f%ce%x1f%s%n%b%x1e 488630f3c67ef6b2c0541fd6f705b5a05ccd711e..HEAD
Merged SHA 8f3b8cf91e228a050190ca4fe4d5d2070794ccc1 with commit message 'chore: Promote bdd-nh-1583240723 to version 0.0.1' into base branch master

Showing logs for build [32mcb-kubecd-environment-pr-1232-2-67m28-1[0m stage [32mfrom-build-pack[0m and container [32mstep-build-helm-build[0m
WARNING: No $CHART_REPOSITORY defined so using the default value of: http://jenkins-x-chartmuseum:8080
Adding missing Helm repo: storage.googleapis.com https://storage.googleapis.com/chartmuseum.jenkins-x.io
WARNING: No secrets found on "helm/repos" due: reading the secret "helm/repos" from vault: no secret "helm/repos" not found in vault
Read credentials for https://storage.googleapis.com/chartmuseum.jenkins-x.io from vault helm/repos
Successfully added Helm repository storage.googleapis.com.
Adding missing Helm repo: jenkins-x-chartmuseum http://jenkins-x-chartmuseum:8080
WARNING: No secrets found on "helm/repos" due: reading the secret "helm/repos" from vault: no secret "helm/repos" not found in vault
Read credentials for http://jenkins-x-chartmuseum:8080 from vault helm/repos
Successfully added Helm repository jenkins-x-chartmuseum.
WARNING: No $CHART_REPOSITORY defined so using the default value of: http://jenkins-x-chartmuseum:8080
Adding missing Helm repo: chartmuseum.jenkins-x.io http://chartmuseum.jenkins-x.io
WARNING: No secrets found on "helm/repos" due: reading the secret "helm/repos" from vault: no secret "helm/repos" not found in vault
Read credentials for http://chartmuseum.jenkins-x.io from vault helm/repos
Successfully added Helm repository chartmuseum.jenkins-x.io.
